<?xml version="1.0" encoding="UTF-8"?>
<robot generator="Robot 7.0 (Python 3.12.3 on darwin)" generated="2024-05-12T11:28:35.890524" rpa="false" schemaversion="5">
<suite id="s1" name="HelloSelenium" source="/Users/xiaolinsong/hoby-backend/RobotDo/tests/HelloSelenium.robot">
<test id="s1-t1" name="First Test" line="4">
<kw name="Open Browser" owner="SeleniumLibrary">
<msg time="2024-05-12T11:28:36.183539" level="INFO">Opening browser 'chrome' to base url 'http://google.com'.</msg>
<arg>http://google.com</arg>
<arg>chrome</arg>
<doc>Opens a new browser instance to the optional ``url``.</doc>
<status status="PASS" start="2024-05-12T11:28:36.183080" elapsed="2.598614"/>
</kw>
<kw name="Sleep" owner="BuiltIn">
<msg time="2024-05-12T11:28:41.783892" level="INFO">Slept 3 seconds.</msg>
<arg>3s</arg>
<doc>Pauses the test executed for the given time.</doc>
<status status="PASS" start="2024-05-12T11:28:38.782825" elapsed="3.001901"/>
</kw>
<kw name="Close Browser" owner="SeleniumLibrary">
<doc>Closes the current browser.</doc>
<status status="PASS" start="2024-05-12T11:28:41.785679" elapsed="0.104210"/>
</kw>
<status status="PASS" start="2024-05-12T11:28:36.181957" elapsed="5.708535"/>
</test>
<status status="PASS" start="2024-05-12T11:28:35.901286" elapsed="5.990285"/>
</suite>
<statistics>
<total>
<stat pass="1" fail="0" skip="0">All Tests</stat>
</total>
<tag>
</tag>
<suite>
<stat pass="1" fail="0" skip="0" id="s1" name="HelloSelenium">HelloSelenium</stat>
</suite>
</statistics>
<errors>
</errors>
</robot>
