<?xml version="1.0" encoding="UTF-8"?>
<robot generator="Robot 7.0 (Python 3.12.3 on darwin)" generated="2024-05-12T11:29:58.051489" rpa="false" schemaversion="5">
<suite id="s1" name="HelloSelenium" source="/Users/xiaolinsong/hoby-backend/RobotDo/tests/HelloSelenium.robot">
<test id="s1-t1" name="First Test" line="4">
<kw name="Open Browser" owner="SeleniumLibrary">
<msg time="2024-05-12T11:29:58.233287" level="INFO">Opening browser 'chrome' to base url 'http://google.com'.</msg>
<arg>http://google.com</arg>
<arg>chrome</arg>
<doc>Opens a new browser instance to the optional ``url``.</doc>
<status status="PASS" start="2024-05-12T11:29:58.233026" elapsed="2.200611"/>
</kw>
<kw name="Sleep" owner="BuiltIn">
<msg time="2024-05-12T11:30:03.435968" level="INFO">Slept 3 seconds.</msg>
<arg>3s</arg>
<doc>Pauses the test executed for the given time.</doc>
<status status="PASS" start="2024-05-12T11:30:00.434888" elapsed="3.001247"/>
</kw>
<kw name="Close Browser" owner="SeleniumLibrary">
<doc>Closes the current browser.</doc>
<status status="PASS" start="2024-05-12T11:30:03.436518" elapsed="0.106888"/>
</kw>
<status status="PASS" start="2024-05-12T11:29:58.231965" elapsed="5.311828"/>
</test>
<status status="PASS" start="2024-05-12T11:29:58.058276" elapsed="5.486469"/>
</suite>
<statistics>
<total>
<stat pass="1" fail="0" skip="0">All Tests</stat>
</total>
<tag>
</tag>
<suite>
<stat pass="1" fail="0" skip="0" id="s1" name="HelloSelenium">HelloSelenium</stat>
</suite>
</statistics>
<errors>
</errors>
</robot>
